[2025-07-31 12:19:30,040: INFO: main: Logging has been set up for the mlProject package.]
[2025-07-31 13:05:00,774: INFO: common: yaml file: config\config.yaml loaded successfully]
[2025-07-31 13:05:00,777: INFO: common: yaml file: params.yaml loaded successfully]
[2025-07-31 13:05:53,689: INFO: common: yaml file: config\config.yaml loaded successfully]
[2025-07-31 13:05:53,690: INFO: common: yaml file: params.yaml loaded successfully]
[2025-07-31 13:06:13,046: INFO: common: yaml file: config\config.yaml loaded successfully]
[2025-07-31 13:06:13,048: INFO: common: yaml file: params.yaml loaded successfully]
[2025-07-31 13:06:15,750: INFO: common: yaml file: config\config.yaml loaded successfully]
[2025-07-31 13:06:15,751: INFO: common: yaml file: params.yaml loaded successfully]
[2025-07-31 13:06:16,544: INFO: common: yaml file: config\config.yaml loaded successfully]
[2025-07-31 13:06:16,545: INFO: common: yaml file: params.yaml loaded successfully]
[2025-07-31 13:06:32,821: INFO: common: yaml file: config\config.yaml loaded successfully]
[2025-07-31 13:06:32,822: INFO: common: yaml file: params.yaml loaded successfully]
[2025-07-31 13:08:16,865: INFO: common: yaml file: config\config.yaml loaded successfully]
[2025-07-31 13:08:16,867: INFO: common: yaml file: params.yaml loaded successfully]
[2025-07-31 13:09:14,111: INFO: common: yaml file: config\config.yaml loaded successfully]
[2025-07-31 13:09:14,113: INFO: common: yaml file: params.yaml loaded successfully]
[2025-07-31 13:09:47,175: INFO: common: yaml file: config\config.yaml loaded successfully]
[2025-07-31 13:09:47,177: INFO: common: yaml file: params.yaml loaded successfully]
[2025-07-31 13:10:17,777: INFO: common: yaml file: config\config.yaml loaded successfully]
[2025-07-31 13:10:17,778: INFO: common: yaml file: params.yaml loaded successfully]
[2025-07-31 13:12:36,637: INFO: common: yaml file: config\config.yaml loaded successfully]
[2025-07-31 13:12:36,639: INFO: common: yaml file: params.yaml loaded successfully]
[2025-07-31 13:12:36,641: INFO: common: yaml file: schema.yaml loaded successfully]
[2025-07-31 13:12:36,642: INFO: common: created directory at: artifacts]
[2025-07-31 13:12:36,643: INFO: common: created directory at: artifacts/data_ingestion]
[2025-07-31 13:12:37,448: INFO: 2366278714: artifacts/data_ingestion/data.zip download! with following info: 
Connection: close
Content-Length: 23329
Cache-Control: max-age=300
Content-Security-Policy: default-src 'none'; style-src 'unsafe-inline'; sandbox
Content-Type: application/zip
ETag: "c69888a4ae59bc5a893392785a938ccd4937981c06ba8a9d6a21aa52b4ab5b6e"
Strict-Transport-Security: max-age=31536000
X-Content-Type-Options: nosniff
X-Frame-Options: deny
X-XSS-Protection: 1; mode=block
X-GitHub-Request-Id: 2193:21A8D7:84BEE:1771CA:688B1E35
Accept-Ranges: bytes
Date: Thu, 31 Jul 2025 07:41:41 GMT
Via: 1.1 varnish
X-Served-By: cache-maa10234-MAA
X-Cache: MISS
X-Cache-Hits: 0
X-Timer: S1753947701.486242,VS0,VE276
Vary: Authorization,Accept-Encoding
Access-Control-Allow-Origin: *
Cross-Origin-Resource-Policy: cross-origin
X-Fastly-Request-ID: de880c4731d31e4faf515dee0145c445fce8a56c
Expires: Thu, 31 Jul 2025 07:46:41 GMT
Source-Age: 0

]
[2025-07-31 13:30:35,130: INFO: main: >>>>>> stage Data Ingestion stage started <<<<<<]
[2025-07-31 13:30:35,131: INFO: common: yaml file: config\config.yaml loaded successfully]
[2025-07-31 13:30:35,132: INFO: common: yaml file: params.yaml loaded successfully]
[2025-07-31 13:30:35,132: INFO: common: yaml file: schema.yaml loaded successfully]
[2025-07-31 13:30:35,133: INFO: common: created directory at: artifacts]
[2025-07-31 13:30:35,133: INFO: common: created directory at: artifacts/data_ingestion]
[2025-07-31 13:30:35,941: INFO: data_ingestion: artifacts/data_ingestion/data.zip download! with following info: 
Connection: close
Content-Length: 23329
Cache-Control: max-age=300
Content-Security-Policy: default-src 'none'; style-src 'unsafe-inline'; sandbox
Content-Type: application/zip
ETag: "c69888a4ae59bc5a893392785a938ccd4937981c06ba8a9d6a21aa52b4ab5b6e"
Strict-Transport-Security: max-age=31536000
X-Content-Type-Options: nosniff
X-Frame-Options: deny
X-XSS-Protection: 1; mode=block
X-GitHub-Request-Id: 2193:21A8D7:84BEE:1771CA:688B1E35
Accept-Ranges: bytes
Date: Thu, 31 Jul 2025 07:59:40 GMT
Via: 1.1 varnish
X-Served-By: cache-maa10224-MAA
X-Cache: HIT
X-Cache-Hits: 0
X-Timer: S1753948780.007698,VS0,VE246
Vary: Authorization,Accept-Encoding
Access-Control-Allow-Origin: *
Cross-Origin-Resource-Policy: cross-origin
X-Fastly-Request-ID: 207f46a08c164a74c8c802d732d07446ee0c020e
Expires: Thu, 31 Jul 2025 08:04:40 GMT
Source-Age: 0

]
[2025-07-31 13:30:35,954: INFO: main: >>>>>> stage Data Ingestion stage completed <<<<<<

x==========x]
[2025-07-31 13:39:04,991: INFO: main: >>>>>> stage Data Ingestion stage started <<<<<<]
[2025-07-31 13:39:04,992: INFO: common: yaml file: config\config.yaml loaded successfully]
[2025-07-31 13:39:04,992: INFO: common: yaml file: params.yaml loaded successfully]
[2025-07-31 13:39:04,993: INFO: common: yaml file: schema.yaml loaded successfully]
[2025-07-31 13:39:04,993: INFO: common: created directory at: artifacts]
[2025-07-31 13:39:04,994: INFO: common: created directory at: artifacts/data_ingestion]
[2025-07-31 13:39:05,687: INFO: data_ingestion: artifacts/data_ingestion/data.zip download! with following info: 
Connection: close
Content-Length: 23329
Cache-Control: max-age=300
Content-Security-Policy: default-src 'none'; style-src 'unsafe-inline'; sandbox
Content-Type: application/zip
ETag: "c69888a4ae59bc5a893392785a938ccd4937981c06ba8a9d6a21aa52b4ab5b6e"
Strict-Transport-Security: max-age=31536000
X-Content-Type-Options: nosniff
X-Frame-Options: deny
X-XSS-Protection: 1; mode=block
X-GitHub-Request-Id: 2193:21A8D7:84BEE:1771CA:688B1E35
Accept-Ranges: bytes
Date: Thu, 31 Jul 2025 08:08:10 GMT
Via: 1.1 varnish
X-Served-By: cache-maa10234-MAA
X-Cache: HIT
X-Cache-Hits: 0
X-Timer: S1753949290.760042,VS0,VE254
Vary: Authorization,Accept-Encoding
Access-Control-Allow-Origin: *
Cross-Origin-Resource-Policy: cross-origin
X-Fastly-Request-ID: 320cdb1727df5ee8f920238a6cd229b58b712526
Expires: Thu, 31 Jul 2025 08:13:10 GMT
Source-Age: 0

]
[2025-07-31 13:39:05,701: INFO: main: >>>>>> stage Data Ingestion stage completed <<<<<<

x==========x]
[2025-07-31 13:46:26,836: INFO: common: yaml file: config\config.yaml loaded successfully]
[2025-07-31 13:46:26,837: INFO: common: yaml file: params.yaml loaded successfully]
[2025-07-31 13:46:26,838: INFO: common: yaml file: schema.yaml loaded successfully]
[2025-07-31 13:46:26,839: INFO: common: created directory at: artifacts]
[2025-07-31 13:48:10,488: INFO: common: yaml file: config\config.yaml loaded successfully]
[2025-07-31 13:48:10,489: INFO: common: yaml file: params.yaml loaded successfully]
[2025-07-31 13:48:10,491: INFO: common: yaml file: schema.yaml loaded successfully]
[2025-07-31 13:48:10,492: INFO: common: created directory at: artifacts]
[2025-07-31 13:48:10,493: INFO: common: created directory at: artifacts/data_validation]
[2025-07-31 13:59:23,461: INFO: main: >>>>>> stage Data Ingestion stage started <<<<<<]
[2025-07-31 13:59:23,463: INFO: common: yaml file: config\config.yaml loaded successfully]
[2025-07-31 13:59:23,464: INFO: common: yaml file: params.yaml loaded successfully]
[2025-07-31 13:59:23,465: INFO: common: yaml file: schema.yaml loaded successfully]
[2025-07-31 13:59:23,466: INFO: common: created directory at: artifacts]
[2025-07-31 13:59:23,467: INFO: common: created directory at: artifacts/data_ingestion]
[2025-07-31 13:59:23,468: INFO: data_ingestion: File already exists of size: ~ 23 KB]
[2025-07-31 13:59:23,470: INFO: main: >>>>>> stage Data Ingestion stage completed <<<<<<

x==========x]
[2025-07-31 13:59:23,470: INFO: main: >>>>>> stage Data Validation stage started <<<<<<]
[2025-07-31 13:59:23,471: INFO: common: yaml file: config\config.yaml loaded successfully]
[2025-07-31 13:59:23,472: INFO: common: yaml file: params.yaml loaded successfully]
[2025-07-31 13:59:23,473: INFO: common: yaml file: schema.yaml loaded successfully]
[2025-07-31 13:59:23,474: INFO: common: created directory at: artifacts]
[2025-07-31 13:59:23,474: INFO: common: created directory at: artifacts/data_validation]
[2025-07-31 13:59:23,491: INFO: main: >>>>>> stage Data Validation stage completed <<<<<<

x==========x]
[2025-07-31 14:03:34,762: INFO: common: yaml file: config\config.yaml loaded successfully]
[2025-07-31 14:03:34,763: INFO: common: yaml file: params.yaml loaded successfully]
[2025-07-31 14:03:34,765: INFO: common: yaml file: schema.yaml loaded successfully]
[2025-07-31 14:03:34,766: INFO: common: created directory at: artifacts]
[2025-07-31 14:05:37,271: INFO: common: yaml file: config\config.yaml loaded successfully]
[2025-07-31 14:05:37,278: INFO: common: yaml file: params.yaml loaded successfully]
[2025-07-31 14:05:37,287: INFO: common: yaml file: schema.yaml loaded successfully]
[2025-07-31 14:05:37,292: INFO: common: created directory at: artifacts]
[2025-07-31 14:07:41,200: INFO: common: yaml file: config\config.yaml loaded successfully]
[2025-07-31 14:07:41,202: INFO: common: yaml file: params.yaml loaded successfully]
[2025-07-31 14:07:41,204: INFO: common: yaml file: schema.yaml loaded successfully]
[2025-07-31 14:07:41,206: INFO: common: created directory at: artifacts]
[2025-07-31 14:07:41,207: INFO: common: created directory at: artifacts/data_transformation]
[2025-07-31 14:07:41,226: INFO: 741865018: Splited data into training and test sets]
[2025-07-31 14:07:41,226: INFO: 741865018: (1199, 12)]
[2025-07-31 14:07:41,227: INFO: 741865018: (400, 12)]
[2025-07-31 14:13:04,234: INFO: main: >>>>>> stage Data Ingestion stage started <<<<<<]
[2025-07-31 14:13:04,236: INFO: common: yaml file: config\config.yaml loaded successfully]
[2025-07-31 14:13:04,236: INFO: common: yaml file: params.yaml loaded successfully]
[2025-07-31 14:13:04,238: INFO: common: yaml file: schema.yaml loaded successfully]
[2025-07-31 14:13:04,238: INFO: common: created directory at: artifacts]
[2025-07-31 14:13:04,239: INFO: common: created directory at: artifacts/data_ingestion]
[2025-07-31 14:13:05,110: INFO: data_ingestion: artifacts/data_ingestion/data.zip download! with following info: 
Connection: close
Content-Length: 23329
Cache-Control: max-age=300
Content-Security-Policy: default-src 'none'; style-src 'unsafe-inline'; sandbox
Content-Type: application/zip
ETag: "c69888a4ae59bc5a893392785a938ccd4937981c06ba8a9d6a21aa52b4ab5b6e"
Strict-Transport-Security: max-age=31536000
X-Content-Type-Options: nosniff
X-Frame-Options: deny
X-XSS-Protection: 1; mode=block
X-GitHub-Request-Id: 2193:21A8D7:84BEE:1771CA:688B1E35
Accept-Ranges: bytes
Date: Thu, 31 Jul 2025 08:42:09 GMT
Via: 1.1 varnish
X-Served-By: cache-maa10242-MAA
X-Cache: HIT
X-Cache-Hits: 0
X-Timer: S1753951329.202618,VS0,VE248
Vary: Authorization,Accept-Encoding
Access-Control-Allow-Origin: *
Cross-Origin-Resource-Policy: cross-origin
X-Fastly-Request-ID: 756f08bef8e34778816f8c9f67e690cf57245b86
Expires: Thu, 31 Jul 2025 08:47:09 GMT
Source-Age: 0

]
[2025-07-31 14:13:05,127: INFO: main: >>>>>> stage Data Ingestion stage completed <<<<<<

x==========x]
[2025-07-31 14:13:05,128: INFO: main: >>>>>> stage Data Validation stage started <<<<<<]
[2025-07-31 14:13:05,129: INFO: common: yaml file: config\config.yaml loaded successfully]
[2025-07-31 14:13:05,130: INFO: common: yaml file: params.yaml loaded successfully]
[2025-07-31 14:13:05,132: INFO: common: yaml file: schema.yaml loaded successfully]
[2025-07-31 14:13:05,132: INFO: common: created directory at: artifacts]
[2025-07-31 14:13:05,133: INFO: common: created directory at: artifacts/data_validation]
[2025-07-31 14:13:05,152: INFO: main: >>>>>> stage Data Validation stage completed <<<<<<

x==========x]
[2025-07-31 14:13:05,152: INFO: main: >>>>>> stage Data Transformation stage started <<<<<<]
[2025-07-31 14:13:05,155: INFO: common: yaml file: config\config.yaml loaded successfully]
[2025-07-31 14:13:05,156: INFO: common: yaml file: params.yaml loaded successfully]
[2025-07-31 14:13:05,157: INFO: common: yaml file: schema.yaml loaded successfully]
[2025-07-31 14:13:05,158: INFO: common: created directory at: artifacts]
[2025-07-31 14:13:05,159: INFO: common: created directory at: artifacts/data_transformation]
[2025-07-31 14:13:05,175: INFO: data_transformation: Splited data into training and test sets]
[2025-07-31 14:13:05,175: INFO: data_transformation: (1199, 12)]
[2025-07-31 14:13:05,176: INFO: data_transformation: (400, 12)]
[2025-07-31 14:13:05,176: INFO: main: >>>>>> stage Data Transformation stage completed <<<<<<

x==========x]
[2025-07-31 14:17:55,133: INFO: common: yaml file: config\config.yaml loaded successfully]
[2025-07-31 14:17:55,135: INFO: common: yaml file: params.yaml loaded successfully]
[2025-07-31 14:17:55,140: INFO: common: yaml file: schema.yaml loaded successfully]
[2025-07-31 14:17:55,143: INFO: common: created directory at: artifacts]
[2025-07-31 14:18:24,189: INFO: common: yaml file: config\config.yaml loaded successfully]
[2025-07-31 14:18:24,190: INFO: common: yaml file: params.yaml loaded successfully]
[2025-07-31 14:18:24,192: INFO: common: yaml file: schema.yaml loaded successfully]
[2025-07-31 14:18:24,194: INFO: common: created directory at: artifacts]
[2025-07-31 14:18:32,250: INFO: common: yaml file: config\config.yaml loaded successfully]
[2025-07-31 14:18:32,252: INFO: common: yaml file: params.yaml loaded successfully]
[2025-07-31 14:18:32,254: INFO: common: yaml file: schema.yaml loaded successfully]
[2025-07-31 14:18:32,255: INFO: common: created directory at: artifacts]
[2025-07-31 14:18:44,843: INFO: common: yaml file: config\config.yaml loaded successfully]
[2025-07-31 14:18:44,845: INFO: common: yaml file: params.yaml loaded successfully]
[2025-07-31 14:18:44,847: INFO: common: yaml file: schema.yaml loaded successfully]
[2025-07-31 14:18:44,848: INFO: common: created directory at: artifacts]
[2025-07-31 14:18:45,368: INFO: common: yaml file: config\config.yaml loaded successfully]
[2025-07-31 14:18:45,369: INFO: common: yaml file: params.yaml loaded successfully]
[2025-07-31 14:18:45,371: INFO: common: yaml file: schema.yaml loaded successfully]
[2025-07-31 14:18:45,372: INFO: common: created directory at: artifacts]
[2025-07-31 14:18:45,724: INFO: common: yaml file: config\config.yaml loaded successfully]
[2025-07-31 14:18:45,725: INFO: common: yaml file: params.yaml loaded successfully]
[2025-07-31 14:18:45,727: INFO: common: yaml file: schema.yaml loaded successfully]
[2025-07-31 14:18:45,728: INFO: common: created directory at: artifacts]
[2025-07-31 14:19:56,685: INFO: common: yaml file: config\config.yaml loaded successfully]
[2025-07-31 14:19:56,688: INFO: common: yaml file: params.yaml loaded successfully]
[2025-07-31 14:19:56,690: INFO: common: yaml file: schema.yaml loaded successfully]
[2025-07-31 14:19:56,692: INFO: common: created directory at: artifacts]
[2025-07-31 14:19:56,693: INFO: common: created directory at: artifacts/model_trainer]
[2025-07-31 14:28:45,840: INFO: main: >>>>>> stage Data Ingestion stage started <<<<<<]
[2025-07-31 14:28:45,843: INFO: common: yaml file: config\config.yaml loaded successfully]
[2025-07-31 14:28:45,844: INFO: common: yaml file: params.yaml loaded successfully]
[2025-07-31 14:28:45,846: INFO: common: yaml file: schema.yaml loaded successfully]
[2025-07-31 14:28:45,847: INFO: common: created directory at: artifacts]
[2025-07-31 14:28:45,848: INFO: common: created directory at: artifacts/data_ingestion]
[2025-07-31 14:28:46,730: INFO: data_ingestion: artifacts/data_ingestion/data.zip download! with following info: 
Connection: close
Content-Length: 23329
Cache-Control: max-age=300
Content-Security-Policy: default-src 'none'; style-src 'unsafe-inline'; sandbox
Content-Type: application/zip
ETag: "c69888a4ae59bc5a893392785a938ccd4937981c06ba8a9d6a21aa52b4ab5b6e"
Strict-Transport-Security: max-age=31536000
X-Content-Type-Options: nosniff
X-Frame-Options: deny
X-XSS-Protection: 1; mode=block
X-GitHub-Request-Id: 2193:21A8D7:84BEE:1771CA:688B1E35
Accept-Ranges: bytes
Date: Thu, 31 Jul 2025 08:57:51 GMT
Via: 1.1 varnish
X-Served-By: cache-maa10221-MAA
X-Cache: HIT
X-Cache-Hits: 0
X-Timer: S1753952271.820995,VS0,VE256
Vary: Authorization,Accept-Encoding
Access-Control-Allow-Origin: *
Cross-Origin-Resource-Policy: cross-origin
X-Fastly-Request-ID: 56394477dd20fc2b7097373d47804f9a19601568
Expires: Thu, 31 Jul 2025 09:02:51 GMT
Source-Age: 0

]
[2025-07-31 14:28:46,747: INFO: main: >>>>>> stage Data Ingestion stage completed <<<<<<

x==========x]
[2025-07-31 14:28:46,747: INFO: main: >>>>>> stage Data Validation stage started <<<<<<]
[2025-07-31 14:28:46,749: INFO: common: yaml file: config\config.yaml loaded successfully]
[2025-07-31 14:28:46,749: INFO: common: yaml file: params.yaml loaded successfully]
[2025-07-31 14:28:46,751: INFO: common: yaml file: schema.yaml loaded successfully]
[2025-07-31 14:28:46,751: INFO: common: created directory at: artifacts]
[2025-07-31 14:28:46,752: INFO: common: created directory at: artifacts/data_validation]
[2025-07-31 14:28:46,769: INFO: main: >>>>>> stage Data Validation stage completed <<<<<<

x==========x]
[2025-07-31 14:28:46,769: INFO: main: >>>>>> stage Data Transformation stage started <<<<<<]
[2025-07-31 14:28:46,773: INFO: common: yaml file: config\config.yaml loaded successfully]
[2025-07-31 14:28:46,774: INFO: common: yaml file: params.yaml loaded successfully]
[2025-07-31 14:28:46,775: INFO: common: yaml file: schema.yaml loaded successfully]
[2025-07-31 14:28:46,775: INFO: common: created directory at: artifacts]
[2025-07-31 14:28:46,776: INFO: common: created directory at: artifacts/data_transformation]
[2025-07-31 14:28:46,793: INFO: data_transformation: Splited data into training and test sets]
[2025-07-31 14:28:46,793: INFO: data_transformation: (1199, 12)]
[2025-07-31 14:28:46,794: INFO: data_transformation: (400, 12)]
[2025-07-31 14:28:46,794: INFO: main: >>>>>> stage Data Transformation stage completed <<<<<<

x==========x]
[2025-07-31 14:28:46,795: INFO: main: >>>>>> stage Model Trainer stage started <<<<<<]
[2025-07-31 14:28:46,797: INFO: common: yaml file: config\config.yaml loaded successfully]
[2025-07-31 14:28:46,798: INFO: common: yaml file: params.yaml loaded successfully]
[2025-07-31 14:28:46,799: INFO: common: yaml file: schema.yaml loaded successfully]
[2025-07-31 14:28:46,800: INFO: common: created directory at: artifacts]
[2025-07-31 14:28:46,800: INFO: common: created directory at: artifacts/model_trainer]
[2025-07-31 14:28:46,832: INFO: main: >>>>>> stage Model Trainer stage completed <<<<<<

x==========x]
